2026-05-25 01:02:34 | INFO     | 🔧 Ініціалізація бази даних...
2026-05-25 01:02:42 | INFO     | 🔧 Ініціалізація бази даних...
2026-05-25 01:10:37 | INFO     | 🔧 Ініціалізація бази даних...
2026-05-25 01:16:40 | INFO     | 🔧 Ініціалізація бази даних...
2026-05-25 01:17:20 | INFO     | 🔧 Ініціалізація бази даних...
2026-05-25 08:44:34 | INFO     | 🔧 Ініціалізація бази даних...
2026-05-25 08:47:56 | INFO     | 🔧 Ініціалізація бази даних...
2026-05-25 08:53:38 | INFO     | 🔧 Ініціалізація бази даних...
2026-05-25 08:58:01 | INFO     | 🔧 Ініціалізація бази даних...
2026-05-25 09:06:36 | INFO     | 🔧 Ініціалізація бази даних...
2026-05-25 09:06:36 | INFO     | ✅ З'єднано з PostgreSQL
2026-05-25 09:06:36 | INFO     | ✅ Таблиці ініціалізовані
2026-05-25 09:06:36 | INFO     | ✅ База даних готова!
2026-05-25 09:06:36 | INFO     |    Наступний крок: python main.py --fetch
2026-05-25 09:11:45 | INFO     | 📥 Запуск збору даних (це може зайняти 10-30 хвилин)...
2026-05-25 09:11:45 | INFO     |    Не закривай термінал. Дані зберігаються в PostgreSQL.
2026-05-25 09:11:45 | INFO     |    Якщо перерветься — запусти знову, продовжить з місця зупинки.

2026-05-25 09:11:45 | INFO     | ✅ CCXT підключено: Bybit + Binance
2026-05-25 09:11:46 | INFO     | ✅ З'єднано з PostgreSQL
2026-05-25 09:11:46 | INFO     | 📥 Починаємо збір: 32 комбінацій
2026-05-25 09:11:46 | INFO     |    Від: 2025-05-25
2026-05-25 09:11:46 | INFO     |    Пари: ['BTC/USDT', 'ETH/USDT', 'SOL/USDT', 'XRP/USDT']
2026-05-25 09:11:46 | INFO     | 
▶ BYBIT BTC/USDT 15m (з 2025-05-25)
2026-05-25 09:12:19 | INFO     |    ✅ +3,539 нових | всього: 35,039
2026-05-25 09:12:19 | INFO     | 
▶ BYBIT BTC/USDT 1h (з 2025-05-25)
2026-05-25 09:12:26 | INFO     |    ✅ +859 нових | всього: 8,759
2026-05-25 09:12:26 | INFO     | 
▶ BYBIT BTC/USDT 4h (з 2025-05-25)
2026-05-25 09:12:28 | INFO     |    ✅ +289 нових | всього: 2,189
2026-05-25 09:12:28 | INFO     | 
▶ BYBIT BTC/USDT 1d (з 2025-05-25)
2026-05-25 09:12:29 | INFO     |    ✅ +64 нових | всього: 364
2026-05-25 09:12:29 | INFO     | 
▶ BYBIT ETH/USDT 15m (з 2025-05-25)
2026-05-25 09:13:02 | INFO     |    ✅ +3,539 нових | всього: 35,039
2026-05-25 09:13:02 | INFO     | 
▶ BYBIT ETH/USDT 1h (з 2025-05-25)
2026-05-25 09:13:09 | INFO     |    ✅ +859 нових | всього: 8,759
2026-05-25 09:13:09 | INFO     | 
▶ BYBIT ETH/USDT 4h (з 2025-05-25)
2026-05-25 09:13:11 | INFO     |    ✅ +289 нових | всього: 2,189
2026-05-25 09:13:11 | INFO     | 
▶ BYBIT ETH/USDT 1d (з 2025-05-25)
2026-05-25 09:13:11 | INFO     |    ✅ +64 нових | всього: 364
2026-05-25 09:13:11 | INFO     | 
▶ BYBIT SOL/USDT 15m (з 2025-05-25)
2026-05-25 09:13:43 | INFO     |    ✅ +3,539 нових | всього: 35,039
2026-05-25 09:13:43 | INFO     | 
▶ BYBIT SOL/USDT 1h (з 2025-05-25)
2026-05-25 09:13:50 | INFO     |    ✅ +859 нових | всього: 8,759
2026-05-25 09:13:50 | INFO     | 
▶ BYBIT SOL/USDT 4h (з 2025-05-25)
2026-05-25 09:13:52 | INFO     |    ✅ +289 нових | всього: 2,189
2026-05-25 09:13:52 | INFO     | 
▶ BYBIT SOL/USDT 1d (з 2025-05-25)
2026-05-25 09:13:53 | INFO     |    ✅ +64 нових | всього: 364
2026-05-25 09:13:53 | INFO     | 
▶ BYBIT XRP/USDT 15m (з 2025-05-25)
2026-05-25 09:14:30 | INFO     |    ✅ +3,539 нових | всього: 35,039
2026-05-25 09:14:30 | INFO     | 
▶ BYBIT XRP/USDT 1h (з 2025-05-25)
2026-05-25 09:14:36 | INFO     |    ✅ +859 нових | всього: 8,759
2026-05-25 09:14:36 | INFO     | 
▶ BYBIT XRP/USDT 4h (з 2025-05-25)
2026-05-25 09:14:38 | INFO     |    ✅ +289 нових | всього: 2,189
2026-05-25 09:14:38 | INFO     | 
▶ BYBIT XRP/USDT 1d (з 2025-05-25)
2026-05-25 09:14:39 | INFO     |    ✅ +64 нових | всього: 364
2026-05-25 09:14:39 | INFO     | 
▶ BINANCE BTC/USDT 15m (з 2025-05-25)
2026-05-25 09:15:09 | INFO     |    ✅ +3,539 нових | всього: 35,039
2026-05-25 09:15:09 | INFO     | 
▶ BINANCE BTC/USDT 1h (з 2025-05-25)
2026-05-25 09:15:16 | INFO     |    ✅ +859 нових | всього: 8,759
2026-05-25 09:15:16 | INFO     | 
▶ BINANCE BTC/USDT 4h (з 2025-05-25)
2026-05-25 09:15:18 | INFO     |    ✅ +289 нових | всього: 2,189
2026-05-25 09:15:18 | INFO     | 
▶ BINANCE BTC/USDT 1d (з 2025-05-25)
2026-05-25 09:15:19 | INFO     |    ✅ +64 нових | всього: 364
2026-05-25 09:15:19 | INFO     | 
▶ BINANCE ETH/USDT 15m (з 2025-05-25)
2026-05-25 09:15:46 | INFO     |    ✅ +3,540 нових | всього: 35,040
2026-05-25 09:15:46 | INFO     | 
▶ BINANCE ETH/USDT 1h (з 2025-05-25)
2026-05-25 09:15:53 | INFO     |    ✅ +859 нових | всього: 8,759
2026-05-25 09:15:53 | INFO     | 
▶ BINANCE ETH/USDT 4h (з 2025-05-25)
2026-05-25 09:15:55 | INFO     |    ✅ +289 нових | всього: 2,189
2026-05-25 09:15:55 | INFO     | 
▶ BINANCE ETH/USDT 1d (з 2025-05-25)
2026-05-25 09:15:56 | INFO     |    ✅ +64 нових | всього: 364
2026-05-25 09:15:56 | INFO     | 
▶ BINANCE SOL/USDT 15m (з 2025-05-25)
2026-05-25 09:16:22 | INFO     |    ✅ +3,540 нових | всього: 35,040
2026-05-25 09:16:22 | INFO     | 
▶ BINANCE SOL/USDT 1h (з 2025-05-25)
2026-05-25 09:16:29 | INFO     |    ✅ +859 нових | всього: 8,759
2026-05-25 09:16:29 | INFO     | 
▶ BINANCE SOL/USDT 4h (з 2025-05-25)
2026-05-25 09:16:32 | INFO     |    ✅ +289 нових | всього: 2,189
2026-05-25 09:16:32 | INFO     | 
▶ BINANCE SOL/USDT 1d (з 2025-05-25)
2026-05-25 09:16:33 | INFO     |    ✅ +64 нових | всього: 364
2026-05-25 09:16:33 | INFO     | 
▶ BINANCE XRP/USDT 15m (з 2025-05-25)
2026-05-25 09:16:59 | INFO     |    ✅ +3,540 нових | всього: 35,040
2026-05-25 09:16:59 | INFO     | 
▶ BINANCE XRP/USDT 1h (з 2025-05-25)
2026-05-25 09:17:06 | INFO     |    ✅ +859 нових | всього: 8,759
2026-05-25 09:17:06 | INFO     | 
▶ BINANCE XRP/USDT 4h (з 2025-05-25)
2026-05-25 09:17:08 | INFO     |    ✅ +289 нових | всього: 2,189
2026-05-25 09:17:08 | INFO     | 
▶ BINANCE XRP/USDT 1d (з 2025-05-25)
2026-05-25 09:17:09 | INFO     |    ✅ +64 нових | всього: 364
2026-05-25 09:17:09 | INFO     | 
🎉 Збір даних завершено!
2026-05-25 18:16:45 | INFO     | 📥 Запуск збору даних (це може зайняти 10-30 хвилин)...
2026-05-25 18:16:45 | INFO     |    Не закривай термінал. Дані зберігаються в PostgreSQL.
2026-05-25 18:16:45 | INFO     |    Якщо перерветься — запусти знову, продовжить з місця зупинки.

2026-05-25 18:16:45 | INFO     | ✅ CCXT підключено: Bybit + Binance
2026-05-25 18:16:45 | INFO     | ✅ З'єднано з PostgreSQL
2026-05-25 18:16:45 | INFO     | 📥 Починаємо збір: 32 комбінацій
2026-05-25 18:16:45 | INFO     |    Від: 2025-05-25
2026-05-25 18:16:45 | INFO     |    Пари: ['BTC/USDT', 'ETH/USDT', 'SOL/USDT', 'XRP/USDT']
2026-05-25 18:16:45 | INFO     | 
▶ BYBIT BTC/USDT 15m (з 2026-05-25)
2026-05-25 18:16:50 | INFO     |    ✅ +37 нових | всього: 35,076
2026-05-25 18:16:50 | INFO     | 
▶ BYBIT BTC/USDT 1h (з 2026-05-25)
2026-05-25 18:16:51 | INFO     |    ✅ +9 нових | всього: 8,768
2026-05-25 18:16:51 | INFO     | 
▶ BYBIT BTC/USDT 4h (з 2026-05-25)
2026-05-25 18:16:52 | INFO     |    ✅ +2 нових | всього: 2,191
2026-05-25 18:16:52 | INFO     | 
▶ BYBIT BTC/USDT 1d (з 2026-05-24)
2026-05-25 18:16:52 | INFO     |    ✅ +0 нових | всього: 364
2026-05-25 18:16:52 | INFO     | 
▶ BYBIT ETH/USDT 15m (з 2026-05-25)
2026-05-25 18:16:53 | INFO     |    ✅ +37 нових | всього: 35,076
2026-05-25 18:16:53 | INFO     | 
▶ BYBIT ETH/USDT 1h (з 2026-05-25)
2026-05-25 18:16:54 | INFO     |    ✅ +9 нових | всього: 8,768
2026-05-25 18:16:54 | INFO     | 
▶ BYBIT ETH/USDT 4h (з 2026-05-25)
2026-05-25 18:16:54 | INFO     |    ✅ +2 нових | всього: 2,191
2026-05-25 18:16:54 | INFO     | 
▶ BYBIT ETH/USDT 1d (з 2026-05-24)
2026-05-25 18:16:55 | INFO     |    ✅ +0 нових | всього: 364
2026-05-25 18:16:55 | INFO     | 
▶ BYBIT SOL/USDT 15m (з 2026-05-25)
2026-05-25 18:16:56 | INFO     |    ✅ +37 нових | всього: 35,076
2026-05-25 18:16:56 | INFO     | 
▶ BYBIT SOL/USDT 1h (з 2026-05-25)
2026-05-25 18:16:57 | INFO     |    ✅ +9 нових | всього: 8,768
2026-05-25 18:16:57 | INFO     | 
▶ BYBIT SOL/USDT 4h (з 2026-05-25)
2026-05-25 18:16:57 | INFO     |    ✅ +2 нових | всього: 2,191
2026-05-25 18:16:57 | INFO     | 
▶ BYBIT SOL/USDT 1d (з 2026-05-24)
2026-05-25 18:16:58 | INFO     |    ✅ +0 нових | всього: 364
2026-05-25 18:16:58 | INFO     | 
▶ BYBIT XRP/USDT 15m (з 2026-05-25)
2026-05-25 18:16:58 | ERROR    | ❌ Rollback через помилку: 
2026-05-25 18:18:33 | INFO     | ✅ CCXT підключено: Bybit + Binance
2026-05-25 18:18:33 | INFO     | ✅ З'єднано з PostgreSQL
2026-05-25 18:18:33 | INFO     | 🔄 Оновлення актуальних даних...
2026-05-25 18:19:09 | INFO     | ✅ Оновлення завершено
2026-05-25 18:21:48 | INFO     | ✅ З'єднано з PostgreSQL
