2026-05-27 10:51:17 | INFO     | 📥 Запуск збору даних (це може зайняти 10-30 хвилин)...
2026-05-27 10:51:17 | INFO     |    Не закривай термінал. Дані зберігаються в PostgreSQL.
2026-05-27 10:51:17 | INFO     |    Якщо перерветься — запусти знову, продовжить з місця зупинки.

2026-05-27 10:51:17 | INFO     | ✅ CCXT підключено: Bybit + Binance
2026-05-27 10:51:17 | INFO     | ✅ З'єднано з PostgreSQL
2026-05-27 10:51:17 | INFO     | 📥 Починаємо збір: 20 комбінацій
2026-05-27 10:51:17 | INFO     |    Пари: ['BTC/USDT', 'SOL/USDT']
2026-05-27 10:51:17 | INFO     |    Таймфрейми: ['1m', '5m', '15m', '30m', '1h']
2026-05-27 10:51:17 | INFO     |    ⚠️  1m дані: Bybit ~2 міс, Binance ~12 міс

2026-05-27 10:51:17 | INFO     | 
▶ BYBIT BTC/USDT 1m (з 2026-03-28 07:51)
2026-05-27 10:51:29 | ERROR    | ❌ Rollback через помилку: 
2026-05-27 11:46:57 | INFO     | 📥 Запуск збору даних (це може зайняти 10-30 хвилин)...
2026-05-27 11:46:57 | INFO     |    Не закривай термінал. Дані зберігаються в PostgreSQL.
2026-05-27 11:46:57 | INFO     |    Якщо перерветься — запусти знову, продовжить з місця зупинки.

2026-05-27 11:46:57 | INFO     | ✅ CCXT підключено: Bybit Futures (публічний API)
2026-05-27 11:46:57 | INFO     |    Пари: ['BTC/USDT:USDT', 'SOL/USDT:USDT']
2026-05-27 11:46:57 | INFO     | ✅ З'єднано з PostgreSQL
2026-05-27 11:46:57 | INFO     | 📥 Починаємо збір: 10 комбінацій
2026-05-27 11:46:57 | INFO     |    ⚠️  1m дані: тільки ~2 місяці (ліміт Bybit)

2026-05-27 11:46:57 | INFO     | 
▶ BYBIT BTC/USDT:USDT 1m (з 2026-03-28 08:46)
2026-05-27 11:47:51 | INFO     |    ✅ +8,599 нових | всього: 86,399
2026-05-27 11:47:51 | INFO     | 
▶ BYBIT BTC/USDT:USDT 5m (з 2025-11-28 08:46)
2026-05-27 11:48:24 | INFO     |    ✅ +5,139 нових | всього: 51,839
2026-05-27 11:48:24 | INFO     | 
▶ BYBIT BTC/USDT:USDT 15m (з 2025-06-01 08:46)
2026-05-27 11:48:46 | INFO     |    ✅ +3,459 нових | всього: 34,559
2026-05-27 11:48:46 | INFO     | 
▶ BYBIT BTC/USDT:USDT 30m (з 2025-06-01 08:46)
2026-05-27 11:48:57 | INFO     |    ✅ +1,779 нових | всього: 17,279
2026-05-27 11:48:57 | INFO     | 
▶ BYBIT BTC/USDT:USDT 1h (з 2025-06-01 08:46)
2026-05-27 11:49:02 | INFO     |    ✅ +839 нових | всього: 8,639
2026-05-27 11:49:02 | INFO     | 
▶ BYBIT SOL/USDT:USDT 1m (з 2026-03-28 08:46)
2026-05-27 11:49:54 | INFO     |    ✅ +8,602 нових | всього: 86,402
2026-05-27 11:49:54 | INFO     | 
▶ BYBIT SOL/USDT:USDT 5m (з 2025-11-28 08:46)
2026-05-27 11:50:25 | INFO     |    ✅ +5,139 нових | всього: 51,839
2026-05-27 11:50:25 | INFO     | 
▶ BYBIT SOL/USDT:USDT 15m (з 2025-06-01 08:46)
2026-05-27 11:50:49 | INFO     |    ✅ +3,459 нових | всього: 34,559
2026-05-27 11:50:49 | INFO     | 
▶ BYBIT SOL/USDT:USDT 30m (з 2025-06-01 08:46)
2026-05-27 11:51:00 | INFO     |    ✅ +1,779 нових | всього: 17,279
2026-05-27 11:51:00 | INFO     | 
▶ BYBIT SOL/USDT:USDT 1h (з 2025-06-01 08:46)
2026-05-27 11:51:05 | INFO     |    ✅ +839 нових | всього: 8,639
2026-05-27 11:51:05 | INFO     | 
🎉 Збір даних завершено!
